<?xml version="1.0" encoding="UTF-8"?>
<testsuite name="TestSuite" time="4.934" tests="5" errors="0" skipped="0" failures="0">
  <properties>
    <property name="JOB_NAME" value="FreeCRM_Cogmento"/>
    <property name="java.vendor" value="Oracle Corporation"/>
    <property name="sun.java.launcher" value="SUN_STANDARD"/>
    <property name="NUMBER_OF_PROCESSORS" value="2"/>
    <property name="sun.management.compiler" value="HotSpot 64-Bit Tiered Compilers"/>
    <property name="JENKINS_HOME" value="C:\Users\Shreo-Niloy\.jenkins"/>
    <property name="FPS_BROWSER_USER_PROFILE_STRING" value="Default"/>
    <property name="HUDSON_SERVER_COOKIE" value="6d533d9a84de93d7"/>
    <property name="POM_ARTIFACTID" value="FreeCRMCogmento"/>
    <property name="os.name" value="Windows 10"/>
    <property name="SynaProgDir" value="Synaptics\SynTP"/>
    <property name="EXECUTOR_NUMBER" value="1"/>
    <property name="PATHEXT" value=".COM;.EXE;.BAT;.CMD;.VBS;.VBE;.JS;.JSE;.WSF;.WSH;.MSC"/>
    <property name="POM_DISPLAYNAME" value="FreeCRMTest"/>
    <property name="java.vm.specification.vendor" value="Oracle Corporation"/>
    <property name="TEMP" value="C:\Users\SHREO-~1\AppData\Local\Temp"/>
    <property name="%maven home%/bin" value="C:\Program Files\apache-maven-3.6.3\bin"/>
    <property name="NODE_LABELS" value="master"/>
    <property name="java.runtime.version" value="14.0.1+7"/>
    <property name="FPS_BROWSER_APP_PROFILE_STRING" value="Internet Explorer"/>
    <property name="user.name" value="Shreo-Niloy"/>
    <property name="guice.disable.misplaced.annotation.check" value="true"/>
    <property name="CommonProgramW6432" value="C:\Program Files\Common Files"/>
    <property name="ProgramFiles" value="C:\Program Files"/>
    <property name="PROMPT" value="$P$G"/>
    <property name="user.language" value="en"/>
    <property name="JOB_BASE_NAME" value="FreeCRM_Cogmento"/>
    <property name="RUN_CHANGES_DISPLAY_URL" value="http://localhost:8080/job/FreeCRM_Cogmento/8/display/redirect?page=changes"/>
    <property name="BUILD_DISPLAY_NAME" value="#8"/>
    <property name="OneDrive" value="C:\Users\Shreo-Niloy\OneDrive"/>
    <property name="sun.boot.library.path" value="C:\Program Files\Java\jdk-14.0.1\bin"/>
    <property name="java.vm.compressedOopsMode" value="32-bit"/>
    <property name="LOCALAPPDATA" value="C:\Users\Shreo-Niloy\AppData\Local"/>
    <property name="java.version" value="14.0.1"/>
    <property name="user.timezone" value="Asia/Calcutta"/>
    <property name="PROCESSOR_LEVEL" value="21"/>
    <property name="USERNAME" value="Shreo-Niloy"/>
    <property name="sun.arch.data.model" value="64"/>
    <property name="NODE_NAME" value="master"/>
    <property name="BUILD_ID" value="8"/>
    <property name="sun.cpu.isalist" value="amd64"/>
    <property name="sun.jnu.encoding" value="Cp1252"/>
    <property name="maven.conf" value="C:\Users\Shreo-Niloy\.jenkins\tools\hudson.tasks.Maven_MavenInstallation\myMaven\conf"/>
    <property name="HOMEDRIVE" value="C:"/>
    <property name="file.separator" value="\"/>
    <property name="java.specification.name" value="Java Platform API Specification"/>
    <property name="java.class.version" value="58.0"/>
    <property name="=::" value="::\"/>
    <property name="org.slf4j.simpleLogger.defaultLogLevel" value="info"/>
    <property name="user.country" value="IN"/>
    <property name="ALLUSERSPROFILE" value="C:\ProgramData"/>
    <property name="java.home" value="C:\Program Files\Java\jdk-14.0.1"/>
    <property name="java.vm.info" value="mixed mode, sharing"/>
    <property name="os.version" value="10.0"/>
    <property name="RUN_DISPLAY_URL" value="http://localhost:8080/job/FreeCRM_Cogmento/8/display/redirect"/>
    <property name="POM_VERSION" value="0.0.1-SNAPSHOT"/>
    <property name="TMP" value="C:\Users\SHREO-~1\AppData\Local\Temp"/>
    <property name="path.separator" value=";"/>
    <property name="java.vm.version" value="14.0.1+7"/>
    <property name="user.variant" value=""/>
    <property name="CommonProgramFiles(x86)" value="C:\Program Files (x86)\Common Files"/>
    <property name="JOB_DISPLAY_URL" value="http://localhost:8080/job/FreeCRM_Cogmento/display/redirect"/>
    <property name="USERDOMAIN_ROAMINGPROFILE" value="DESKTOP-3RTNBU8"/>
    <property name="CommonProgramFiles" value="C:\Program Files\Common Files"/>
    <property name="sun.io.unicode.encoding" value="UnicodeLittle"/>
    <property name="JAVA_HOME" value="C:\Program Files\Java\jdk-14.0.1\"/>
    <property name="ComSpec" value="C:\Windows\system32\cmd.exe"/>
    <property name="HOMEPATH" value="\Users\Shreo-Niloy"/>
    <property name="POM_PACKAGING" value="jar"/>
    <property name="GOOGLE_API_KEY" value="no"/>
    <property name="COMPUTERNAME" value="DESKTOP-3RTNBU8"/>
    <property name="user.script" value=""/>
    <property name="GOOGLE_DEFAULT_CLIENT_SECRET" value="no"/>
    <property name="POM_GROUPID" value="FreeCRMCogmentoTest"/>
    <property name="user.home" value="C:\Users\Shreo-Niloy"/>
    <property name="PUBLIC" value="C:\Users\Public"/>
    <property name="BUILD_TAG" value="jenkins-FreeCRM_Cogmento-8"/>
    <property name="JENKINS_SERVER_COOKIE" value="6d533d9a84de93d7"/>
    <property name="HUDSON_URL" value="http://localhost:8080/"/>
    <property name="ProgramData" value="C:\ProgramData"/>
    <property name="java.version.date" value="2020-04-14"/>
    <property name="java.specification.vendor" value="Oracle Corporation"/>
    <property name="USERPROFILE" value="C:\Users\Shreo-Niloy"/>
    <property name="CLASSPATH" value=""/>
    <property name="java.library.path" value="C:\Program Files\Java\jdk-14.0.1\bin;C:\Windows\Sun\Java\bin;C:\Windows\system32;C:\Windows;C:\Users\Shreo-Niloy\.jenkins\tools\hudson.tasks.Maven_MavenInstallation\myMaven/bin;C:\Program Files\Java\jdk-14.0.1\/bin;C:\Program Files\Java\jdk-14.0.1\/bin;C:\Python27\;C:\Python27\Scripts;C:\Windows\system32;C:\Windows;C:\Windows\System32\Wbem;C:\Windows\System32\WindowsPowerShell\v1.0\;C:\ProgramData\chocolatey\bin;C:\Program Files\nodejs\;C:\Program Files\Git\cmd;C:\Program Files\PuTTY\;C:\Program Files\Java\jdk-14.0.1\bin;C:\Program Files\Java\jdk-14.0.1\lib;C:\Program Files\apache-maven-3.6.3\bin;C:\Program Files\apache-maven-3.6.3\\bin;C:\Users\Shreo-Niloy\AppData\Local\Microsoft\WindowsApps;C:\Program Files\Java\jdk-14.0.1\bin;C:\Users\Shreo-Niloy\AppData\Roaming\npm;."/>
    <property name="java.vendor.url" value="https://java.oracle.com/"/>
    <property name="java.vm.vendor" value="Oracle Corporation"/>
    <property name="APPDATA" value="C:\Users\Shreo-Niloy\AppData\Roaming"/>
    <property name="java.runtime.name" value="Java(TM) SE Runtime Environment"/>
    <property name="maven.home" value="C:\Users\Shreo-Niloy\.jenkins\tools\hudson.tasks.Maven_MavenInstallation\myMaven"/>
    <property name="java.class.path" value="C:\Users\Shreo-Niloy\.jenkins\plugins\maven-plugin\WEB-INF\lib\maven35-agent-1.13.jar;C:\Users\Shreo-Niloy\.jenkins\tools\hudson.tasks.Maven_MavenInstallation\myMaven\boot\plexus-classworlds-2.6.0.jar;C:\Users\Shreo-Niloy\.jenkins\tools\hudson.tasks.Maven_MavenInstallation\myMaven/conf/logging"/>
    <property name="sun.java.command" value="jenkins.maven3.agent.Maven35Main C:\Users\Shreo-Niloy\.jenkins\tools\hudson.tasks.Maven_MavenInstallation\myMaven C:\Users\Shreo-Niloy\.jenkins\war\WEB-INF\lib\remoting-4.3.jar C:\Users\Shreo-Niloy\.jenkins\plugins\maven-plugin\WEB-INF\lib\maven35-interceptor-1.13.jar C:\Users\Shreo-Niloy\.jenkins\plugins\maven-plugin\WEB-INF\lib\maven3-interceptor-commons-1.13.jar 51849"/>
    <property name="Path" value="C:\Program Files\Java\jdk-14.0.1\/bin;C:\Python27\;C:\Python27\Scripts;C:\Windows\system32;C:\Windows;C:\Windows\System32\Wbem;C:\Windows\System32\WindowsPowerShell\v1.0\;C:\ProgramData\chocolatey\bin;C:\Program Files\nodejs\;C:\Program Files\Git\cmd;C:\Program Files\PuTTY\;C:\Program Files\Java\jdk-14.0.1\bin;C:\Program Files\Java\jdk-14.0.1\lib;C:\Program Files\apache-maven-3.6.3\bin;C:\Program Files\apache-maven-3.6.3\\bin;C:\Users\Shreo-Niloy\AppData\Local\Microsoft\WindowsApps;C:\Program Files\Java\jdk-14.0.1\bin;C:\Users\Shreo-Niloy\AppData\Roaming\npm"/>
    <property name="jdk.debug" value="release"/>
    <property name="PROCESSOR_ARCHITECTURE" value="AMD64"/>
    <property name="java.vm.specification.name" value="Java Virtual Machine Specification"/>
    <property name="PATH+JDK" value="C:\Program Files\Java\jdk-14.0.1\/bin"/>
    <property name="SESSIONNAME" value="Console"/>
    <property name="PROCESSOR_IDENTIFIER" value="AMD64 Family 21 Model 112 Stepping 0, AuthenticAMD"/>
    <property name="java.vm.specification.version" value="14"/>
    <property name="M2_HOME" value="C:\Users\Shreo-Niloy\.jenkins\tools\hudson.tasks.Maven_MavenInstallation\myMaven"/>
    <property name="sun.cpu.endian" value="little"/>
    <property name="sun.os.patch.level" value=""/>
    <property name="OS" value="Windows_NT"/>
    <property name="java.io.tmpdir" value="C:\Users\SHREO-~1\AppData\Local\Temp\"/>
    <property name="HUDSON_HOME" value="C:\Users\Shreo-Niloy\.jenkins"/>
    <property name="PATH+MAVEN" value="C:\Users\Shreo-Niloy\.jenkins\tools\hudson.tasks.Maven_MavenInstallation\myMaven/bin"/>
    <property name="ProgramFiles(x86)" value="C:\Program Files (x86)"/>
    <property name="java.vendor.url.bug" value="https://bugreport.java.com/bugreport/"/>
    <property name="BUILD_URL" value="http://localhost:8080/job/FreeCRM_Cogmento/8/"/>
    <property name="SystemRoot" value="C:\Windows"/>
    <property name="os.arch" value="amd64"/>
    <property name="user.dir" value="C:\Users\Shreo-Niloy\eclipse-workspace\FreeCRMCogmento"/>
    <property name="JOB_URL" value="http://localhost:8080/job/FreeCRM_Cogmento/"/>
    <property name="LOGONSERVER" value="\\DESKTOP-3RTNBU8"/>
    <property name="GOOGLE_DEFAULT_CLIENT_ID" value="no"/>
    <property name="USERDOMAIN" value="DESKTOP-3RTNBU8"/>
    <property name="MAVEN_HOME" value="C:\Users\Shreo-Niloy\.jenkins\tools\hudson.tasks.Maven_MavenInstallation\myMaven"/>
    <property name="line.separator" value="&#10;"/>
    <property name="java.vm.name" value="Java HotSpot(TM) 64-Bit Server VM"/>
    <property name="BUILD_NUMBER" value="8"/>
    <property name="PROCESSOR_REVISION" value="7000"/>
    <property name="JENKINS_URL" value="http://localhost:8080/"/>
    <property name="ProgramW6432" value="C:\Program Files"/>
    <property name="windir" value="C:\Windows"/>
    <property name="=C:" value="C:\Users\Shreo-Niloy\Jenkins"/>
    <property name="ChocolateyLastPathUpdate" value="132145571958601047"/>
    <property name="file.encoding" value="Cp1252"/>
    <property name="SystemDrive" value="C:"/>
    <property name="maven3.interceptor" value="C:\Users\Shreo-Niloy\.jenkins\plugins\maven-plugin\WEB-INF\lib\maven35-interceptor-1.13.jar"/>
    <property name="WORKSPACE_TMP" value="C:\Users\Shreo-Niloy\.jenkins\workspace\FreeCRM_Cogmento@tmp"/>
    <property name="WORKSPACE" value="C:\Users\Shreo-Niloy\.jenkins\workspace\FreeCRM_Cogmento"/>
    <property name="ChocolateyInstall" value="C:\ProgramData\chocolatey"/>
    <property name="maven3.interceptor.common" value="C:\Users\Shreo-Niloy\.jenkins\plugins\maven-plugin\WEB-INF\lib\maven3-interceptor-commons-1.13.jar"/>
    <property name="PSModulePath" value="C:\Program Files\WindowsPowerShell\Modules;C:\Windows\system32\WindowsPowerShell\v1.0\Modules"/>
    <property name="java.specification.version" value="14"/>
  </properties>
  <testcase name="validateDealsLinkDisplayTest" classname="com.crm.qa.testcases.HomePageTest" time="1.654"/>
  <testcase name="validateLoginPageTitleTest" classname="com.crm.qa.testcases.LoginPageTest" time="0.022"/>
  <testcase name="validateLoginPageLinkTest" classname="com.crm.qa.testcases.LoginPageTest" time="0.122"/>
  <testcase name="loginTest" classname="com.crm.qa.testcases.LoginPageTest" time="1.271"/>
  <testcase name="validateHomePageLinkTest" classname="com.crm.qa.testcases.LoginPageTest" time="1.865"/>
</testsuite>