<?xml version="1.0" encoding="UTF-8"?>
<!-- Generated by org.testng.reporters.JUnitReportReporter -->
<testsuite hostname="DESKTOP-3RTNBU8" failures="0" tests="4" name="com.crm.qa.testcases.LoginPageTest" time="6.071" errors="0" timestamp="21 May 2020 20:03:34 GMT" skipped="0">
  <testcase classname="com.crm.qa.testcases.LoginPageTest" name="validateLoginPageTitleTest" time="0.051"/>
  <testcase classname="com.crm.qa.testcases.LoginPageTest" name="validateLoginPageLinkTest" time="0.159"/>
  <testcase classname="com.crm.qa.testcases.LoginPageTest" name="loginTest" time="1.271"/>
  <testcase classname="com.crm.qa.testcases.LoginPageTest" name="validateHomePageLinkTest" time="4.590"/>
</testsuite> <!-- com.crm.qa.testcases.LoginPageTest -->
