<?xml version="1.0" encoding="UTF-8"?>
<!-- Generated by org.testng.reporters.JUnitReportReporter -->
<testsuite hostname="DESKTOP-3RTNBU8" failures="0" tests="1" name="com.crm.qa.testcases.HomePageTest" time="4.823" errors="0" timestamp="21 May 2020 17:19:18 GMT" skipped="0">
  <testcase classname="com.crm.qa.testcases.HomePageTest" name="validateDealsLinkDisplayTest" time="4.823"/>
</testsuite> <!-- com.crm.qa.testcases.HomePageTest -->
